{"/Users/jessexu/Documents/North Carolina State University/Courses/CSC591 DevOp/Test_Analysis/test.js":{"path":"/Users/jessexu/Documents/North Carolina State University/Courses/CSC591 DevOp/Test_Analysis/test.js","s":{"1":1,"2":1,"3":1,"4":1,"5":1,"6":1},"b":{},"f":{},"fnMap":{},"statementMap":{"1":{"start":{"line":1,"column":0},"end":{"line":1,"column":37}},"2":{"start":{"line":2,"column":0},"end":{"line":2,"column":30}},"3":{"start":{"line":3,"column":0},"end":{"line":3,"column":48}},"4":{"start":{"line":4,"column":0},"end":{"line":4,"column":37}},"5":{"start":{"line":5,"column":0},"end":{"line":5,"column":33}},"6":{"start":{"line":6,"column":0},"end":{"line":6,"column":20}}},"branchMap":{}},"/Users/jessexu/Documents/North Carolina State University/Courses/CSC591 DevOp/Test_Analysis/subject.js":{"path":"/Users/jessexu/Documents/North Carolina State University/Courses/CSC591 DevOp/Test_Analysis/subject.js","s":{"1":1,"2":1,"3":4,"4":2,"5":4,"6":2,"7":4,"8":1},"b":{"1":[2,2],"2":[2,2]},"f":{"1":4},"fnMap":{"1":{"name":"inc","line":2,"loc":{"start":{"line":2,"column":0},"end":{"line":2,"column":18}}}},"statementMap":{"1":{"start":{"line":1,"column":0},"end":{"line":1,"column":23}},"2":{"start":{"line":2,"column":0},"end":{"line":12,"column":1}},"3":{"start":{"line":3,"column":3},"end":{"line":3,"column":21}},"4":{"start":{"line":3,"column":16},"end":{"line":3,"column":21}},"5":{"start":{"line":5,"column":3},"end":{"line":8,"column":4}},"6":{"start":{"line":7,"column":4},"end":{"line":7,"column":11}},"7":{"start":{"line":11,"column":4},"end":{"line":11,"column":19}},"8":{"start":{"line":14,"column":0},"end":{"line":14,"column":18}}},"branchMap":{"1":{"line":3,"type":"if","locations":[{"start":{"line":3,"column":3},"end":{"line":3,"column":3}},{"start":{"line":3,"column":3},"end":{"line":3,"column":3}}]},"2":{"line":5,"type":"if","locations":[{"start":{"line":5,"column":3},"end":{"line":5,"column":3}},{"start":{"line":5,"column":3},"end":{"line":5,"column":3}}]}}}}